<?xml version="1.0" encoding="UTF-8"?>
<!-- Generated by org.testng.reporters.JUnitReportReporter -->
<testsuite hostname="NMSLAP511" failures="0" tests="3" name="a3_TestNG_Practice.TestNG_Practice_26_05_25" time="0.052" errors="0" timestamp="2025-05-27T12:22:04 IST" skipped="2">
  <testcase classname="a3_TestNG_Practice.TestNG_Practice_26_05_25" name="orderPlacement" time="0.052"/>
  <testcase classname="a3_TestNG_Practice.TestNG_Practice_26_05_25" name="logout">
    <skipped/>
  </testcase> <!-- logout -->
  <testcase classname="a3_TestNG_Practice.TestNG_Practice_26_05_25" name="login">
    <skipped/>
  </testcase> <!-- login -->
</testsuite> <!-- a3_TestNG_Practice.TestNG_Practice_26_05_25 -->
